
  .   ____          _            __ _ _
 /\\ / ___'_ __ _ _(_)_ __  __ _ \ \ \ \
( ( )\___ | '_ | '_| | '_ \/ _` | \ \ \ \
 \\/  ___)| |_)| | | | | || (_| |  ) ) ) )
  '  |____| .__|_| |_|_| |_\__, | / / / /
 =========|_|==============|___/=/_/_/_/
 :: Spring Boot ::                (v3.2.3)

2024-03-03T19:02:20.140Z  INFO 8666 --- [           main] c.example.demo.EpostcheckerApplication   : Starting EpostcheckerApplication v0.0.1-SNAPSHOT using Java 17.0.10 with PID 8666 (/home/ubuntu/demo/build/libs/demo-0.0.1-SNAPSHOT.jar started by root in /home/ubuntu/demo/build/libs)
2024-03-03T19:02:20.153Z  INFO 8666 --- [           main] c.example.demo.EpostcheckerApplication   : No active profile set, falling back to 1 default profile: "default"
2024-03-03T19:02:21.351Z  INFO 8666 --- [           main] .s.d.r.c.RepositoryConfigurationDelegate : Bootstrapping Spring Data JDBC repositories in DEFAULT mode.
2024-03-03T19:02:21.377Z  INFO 8666 --- [           main] .s.d.r.c.RepositoryConfigurationDelegate : Finished Spring Data repository scanning in 17 ms. Found 0 JDBC repository interfaces.
2024-03-03T19:02:22.081Z  INFO 8666 --- [           main] o.s.b.w.embedded.tomcat.TomcatWebServer  : Tomcat initialized with port 8080 (http)
2024-03-03T19:02:22.096Z  INFO 8666 --- [           main] o.apache.catalina.core.StandardService   : Starting service [Tomcat]
2024-03-03T19:02:22.096Z  INFO 8666 --- [           main] o.apache.catalina.core.StandardEngine    : Starting Servlet engine: [Apache Tomcat/10.1.19]
2024-03-03T19:02:22.149Z  INFO 8666 --- [           main] o.a.c.c.C.[Tomcat].[localhost].[/]       : Initializing Spring embedded WebApplicationContext
2024-03-03T19:02:22.151Z  INFO 8666 --- [           main] w.s.c.ServletWebServerApplicationContext : Root WebApplicationContext: initialization completed in 1881 ms
2024-03-03T19:02:22.788Z  INFO 8666 --- [           main] com.zaxxer.hikari.HikariDataSource       : HikariPool-1 - Starting...
2024-03-03T19:02:23.308Z  INFO 8666 --- [           main] com.zaxxer.hikari.pool.HikariPool        : HikariPool-1 - Added connection org.postgresql.jdbc.PgConnection@cde8c6c
2024-03-03T19:02:23.318Z  INFO 8666 --- [           main] com.zaxxer.hikari.HikariDataSource       : HikariPool-1 - Start completed.
2024-03-03T19:02:23.562Z  INFO 8666 --- [           main] o.s.b.w.embedded.tomcat.TomcatWebServer  : Tomcat started on port 8080 (http) with context path ''
2024-03-03T19:02:23.588Z  INFO 8666 --- [           main] c.example.demo.EpostcheckerApplication   : Started EpostcheckerApplication in 4.19 seconds (process running for 4.901)
2024-03-03T19:03:22.328Z  INFO 8666 --- [nio-8080-exec-1] o.a.c.c.C.[Tomcat].[localhost].[/]       : Initializing Spring DispatcherServlet 'dispatcherServlet'
2024-03-03T19:03:22.328Z  INFO 8666 --- [nio-8080-exec-1] o.s.web.servlet.DispatcherServlet        : Initializing Servlet 'dispatcherServlet'
2024-03-03T19:03:22.330Z  INFO 8666 --- [nio-8080-exec-1] o.s.web.servlet.DispatcherServlet        : Completed initialization in 2 ms
